<?xml version="1.0" encoding="UTF-8" ?>
<testsuite errors="0" failures="0" hostname="Suppanuts-MBP.true.true" name="RationalTest" skipped="0" tests="3" time="0.205" timestamp="2023-09-13T09:01:48">
  <properties>
[...]
</properties>
  <testcase classname="RationalTest" name="testAdd" time="0.003" />
  <testcase classname="RationalTest" name="testSubtract" time="0.001" />
  <testcase classname="RationalTest" name="testMultiply" time="0.0" />
  <system-out><![CDATA[]]></system-out>
  <system-err><![CDATA[]]></system-err>
</testsuite>
